0 info it worked if it ends with ok
1 verbose cli [ '/usr/bin/node',
1 verbose cli   '/usr/bin/npm',
1 verbose cli   'install',
1 verbose cli   '-g',
1 verbose cli   'coffee-script' ]
2 info using npm@1.4.28
3 info using node@v0.10.38
4 verbose node symlink /usr/bin/node
5 verbose cache add [ 'coffee-script', null ]
6 verbose cache add name=undefined spec="coffee-script" args=["coffee-script",null]
7 verbose parsed url { protocol: null,
7 verbose parsed url   slashes: null,
7 verbose parsed url   auth: null,
7 verbose parsed url   host: null,
7 verbose parsed url   port: null,
7 verbose parsed url   hostname: null,
7 verbose parsed url   hash: null,
7 verbose parsed url   search: null,
7 verbose parsed url   query: null,
7 verbose parsed url   pathname: 'coffee-script',
7 verbose parsed url   path: 'coffee-script',
7 verbose parsed url   href: 'coffee-script' }
8 silly lockFile ab358269-coffee-script coffee-script
9 verbose lock coffee-script /home/itsnikolay/.npm/ab358269-coffee-script.lock
10 silly lockFile ab358269-coffee-script coffee-script
11 silly lockFile ab358269-coffee-script coffee-script
12 verbose addNamed [ 'coffee-script', '' ]
13 verbose addNamed [ null, '*' ]
14 silly lockFile 53951495-coffee-script coffee-script@
15 verbose lock coffee-script@ /home/itsnikolay/.npm/53951495-coffee-script.lock
16 silly addNameRange { name: 'coffee-script', range: '*', hasData: false }
17 verbose request where is /coffee-script
18 verbose request registry https://registry.npmjs.org/
19 verbose request id c9a3e94f0cad79cd
20 verbose url raw /coffee-script
21 verbose url resolving [ 'https://registry.npmjs.org/', './coffee-script' ]
22 verbose url resolved https://registry.npmjs.org/coffee-script
23 verbose request where is https://registry.npmjs.org/coffee-script
24 info trying registry request attempt 1 at 20:03:13
25 http GET https://registry.npmjs.org/coffee-script
26 info retry will retry, error on last attempt: Error: read ECONNRESET
27 info trying registry request attempt 2 at 20:03:23
28 http GET https://registry.npmjs.org/coffee-script
29 http 200 https://registry.npmjs.org/coffee-script
30 silly registry.get cb [ 200,
30 silly registry.get   { date: 'Thu, 02 Apr 2015 17:03:24 GMT',
30 silly registry.get     server: 'CouchDB/1.5.0 (Erlang OTP/R16B03)',
30 silly registry.get     etag: '"DIOY9SGNCUEXAU3CBIRFF1XF7"',
30 silly registry.get     'content-type': 'application/json',
30 silly registry.get     'cache-control': 'max-age=60',
30 silly registry.get     'content-length': '35787',
30 silly registry.get     'accept-ranges': 'bytes',
30 silly registry.get     via: '1.1 varnish',
30 silly registry.get     age: '13',
30 silly registry.get     'x-served-by': 'cache-fra1227-FRA',
30 silly registry.get     'x-cache': 'HIT',
30 silly registry.get     'x-cache-hits': '1',
30 silly registry.get     'x-timer': 'S1427994204.404107,VS0,VE0',
30 silly registry.get     vary: 'Accept',
30 silly registry.get     'keep-alive': 'timeout=10, max=50',
30 silly registry.get     connection: 'Keep-Alive' } ]
31 silly addNameRange number 2 { name: 'coffee-script', range: '*', hasData: true }
32 silly addNameRange versions [ 'coffee-script',
32 silly addNameRange   [ '0.7.0',
32 silly addNameRange     '0.7.1',
32 silly addNameRange     '0.7.2',
32 silly addNameRange     '0.9.0',
32 silly addNameRange     '0.9.1',
32 silly addNameRange     '0.9.2',
32 silly addNameRange     '0.9.3',
32 silly addNameRange     '0.9.4',
32 silly addNameRange     '0.9.5',
32 silly addNameRange     '0.9.6',
32 silly addNameRange     '1.0.0',
32 silly addNameRange     '1.0.1',
32 silly addNameRange     '1.1.0',
32 silly addNameRange     '1.1.1',
32 silly addNameRange     '1.1.2',
32 silly addNameRange     '1.1.3',
32 silly addNameRange     '1.2.0',
32 silly addNameRange     '1.3.0',
32 silly addNameRange     '1.3.1',
32 silly addNameRange     '1.3.2',
32 silly addNameRange     '1.3.3',
32 silly addNameRange     '1.4.0',
32 silly addNameRange     '1.5.0',
32 silly addNameRange     '1.6.0',
32 silly addNameRange     '1.6.1',
32 silly addNameRange     '1.6.2',
32 silly addNameRange     '1.6.3',
32 silly addNameRange     '1.7.0',
32 silly addNameRange     '1.7.1',
32 silly addNameRange     '1.8.0',
32 silly addNameRange     '1.9.0',
32 silly addNameRange     '1.9.1' ] ]
33 verbose addNamed [ 'coffee-script', '1.9.1' ]
34 verbose addNamed [ '1.9.1', '1.9.1' ]
35 silly lockFile 98732453-coffee-script-1-9-1 coffee-script@1.9.1
36 verbose lock coffee-script@1.9.1 /home/itsnikolay/.npm/98732453-coffee-script-1-9-1.lock
37 silly lockFile 60df5a0a-e-script-coffee-script-1-9-1-tgz https://registry.npmjs.org/coffee-script/-/coffee-script-1.9.1.tgz
38 verbose lock https://registry.npmjs.org/coffee-script/-/coffee-script-1.9.1.tgz /home/itsnikolay/.npm/60df5a0a-e-script-coffee-script-1-9-1-tgz.lock
39 verbose addRemoteTarball [ 'https://registry.npmjs.org/coffee-script/-/coffee-script-1.9.1.tgz',
39 verbose addRemoteTarball   'c458d02200f460d064a79cb6ab1ee6e2c9ca1c31' ]
40 info retry fetch attempt 1 at 20:03:25
41 verbose fetch to= /tmp/npm-3659-qZwSFL9I/registry.npmjs.org/coffee-script/-/coffee-script-1.9.1.tgz
42 http GET https://registry.npmjs.org/coffee-script/-/coffee-script-1.9.1.tgz
43 http 200 https://registry.npmjs.org/coffee-script/-/coffee-script-1.9.1.tgz
44 silly lockFile 60df5a0a-e-script-coffee-script-1-9-1-tgz https://registry.npmjs.org/coffee-script/-/coffee-script-1.9.1.tgz
45 silly lockFile 60df5a0a-e-script-coffee-script-1-9-1-tgz https://registry.npmjs.org/coffee-script/-/coffee-script-1.9.1.tgz
46 silly lockFile 98732453-coffee-script-1-9-1 coffee-script@1.9.1
47 silly lockFile 98732453-coffee-script-1-9-1 coffee-script@1.9.1
48 silly lockFile 53951495-coffee-script coffee-script@
49 silly lockFile 53951495-coffee-script coffee-script@
50 silly resolved [ { name: 'coffee-script',
50 silly resolved     description: 'Unfancy JavaScript',
50 silly resolved     keywords: [ 'javascript', 'language', 'coffeescript', 'compiler' ],
50 silly resolved     author: { name: 'Jeremy Ashkenas' },
50 silly resolved     version: '1.9.1',
50 silly resolved     license: 'MIT',
50 silly resolved     engines: { node: '>=0.8.0' },
50 silly resolved     directories: { lib: './lib/coffee-script' },
50 silly resolved     main: './lib/coffee-script/coffee-script',
50 silly resolved     bin: { coffee: './bin/coffee', cake: './bin/cake' },
50 silly resolved     preferGlobal: true,
50 silly resolved     scripts:
50 silly resolved      { test: 'node ./bin/cake test',
50 silly resolved        'test-harmony': 'node --harmony ./bin/cake test' },
50 silly resolved     homepage: 'http://coffeescript.org',
50 silly resolved     bugs: { url: 'https://github.com/jashkenas/coffeescript/issues' },
50 silly resolved     repository:
50 silly resolved      { type: 'git',
50 silly resolved        url: 'git://github.com/jashkenas/coffeescript.git' },
50 silly resolved     devDependencies:
50 silly resolved      { 'uglify-js': '~2.2',
50 silly resolved        jison: '>=0.2.0',
50 silly resolved        'highlight.js': '~8.0.0',
50 silly resolved        underscore: '~1.5.2',
50 silly resolved        docco: '~0.7.0' },
50 silly resolved     gitHead: '533ad8afe920b2dbf64ffb00efda45648242cc24',
50 silly resolved     _id: 'coffee-script@1.9.1',
50 silly resolved     _shasum: 'c458d02200f460d064a79cb6ab1ee6e2c9ca1c31',
50 silly resolved     _from: 'coffee-script@',
50 silly resolved     _npmVersion: '1.4.28',
50 silly resolved     _npmUser: { name: 'jashkenas', email: 'jashkenas@gmail.com' },
50 silly resolved     maintainers: [ [Object], [Object] ],
50 silly resolved     dist:
50 silly resolved      { shasum: 'c458d02200f460d064a79cb6ab1ee6e2c9ca1c31',
50 silly resolved        tarball: 'http://registry.npmjs.org/coffee-script/-/coffee-script-1.9.1.tgz' },
50 silly resolved     _resolved: 'https://registry.npmjs.org/coffee-script/-/coffee-script-1.9.1.tgz' } ]
51 info install coffee-script@1.9.1 into /usr/lib
52 info installOne coffee-script@1.9.1
53 verbose lib/node_modules/coffee-script unbuild
54 verbose tar unpack /home/itsnikolay/.npm/coffee-script/1.9.1/package.tgz
55 silly lockFile ac7c323f-r-lib-node-modules-coffee-script tar:///usr/lib/node_modules/coffee-script
56 verbose lock tar:///usr/lib/node_modules/coffee-script /home/itsnikolay/.npm/ac7c323f-r-lib-node-modules-coffee-script.lock
57 silly lockFile 32608417--coffee-script-1-9-1-package-tgz tar:///home/itsnikolay/.npm/coffee-script/1.9.1/package.tgz
58 verbose lock tar:///home/itsnikolay/.npm/coffee-script/1.9.1/package.tgz /home/itsnikolay/.npm/32608417--coffee-script-1-9-1-package-tgz.lock
59 silly gunzTarPerm modes [ '775', '664' ]
60 error Error: EACCES, mkdir '/usr/lib/node_modules/coffee-script'
60 error  { [Error: EACCES, mkdir '/usr/lib/node_modules/coffee-script']
60 error   errno: 3,
60 error   code: 'EACCES',
60 error   path: '/usr/lib/node_modules/coffee-script',
60 error   fstream_type: 'Directory',
60 error   fstream_path: '/usr/lib/node_modules/coffee-script',
60 error   fstream_class: 'DirWriter',
60 error   fstream_stack:
60 error    [ '/usr/lib/node_modules/npm/node_modules/fstream/lib/dir-writer.js:36:23',
60 error      '/usr/lib/node_modules/npm/node_modules/mkdirp/index.js:46:53',
60 error      'Object.oncomplete (fs.js:108:15)' ] }
61 error Please try running this command again as root/Administrator.
62 error System Linux 3.13.0-32-generic
63 error command "/usr/bin/node" "/usr/bin/npm" "install" "-g" "coffee-script"
64 error cwd /home/itsnikolay/go/ShereInvoice
65 error node -v v0.10.38
66 error npm -v 1.4.28
67 error path /usr/lib/node_modules/coffee-script
68 error fstream_path /usr/lib/node_modules/coffee-script
69 error fstream_type Directory
70 error fstream_class DirWriter
71 error code EACCES
72 error errno 3
73 error stack Error: EACCES, mkdir '/usr/lib/node_modules/coffee-script'
74 error fstream_stack /usr/lib/node_modules/npm/node_modules/fstream/lib/dir-writer.js:36:23
74 error fstream_stack /usr/lib/node_modules/npm/node_modules/mkdirp/index.js:46:53
74 error fstream_stack Object.oncomplete (fs.js:108:15)
75 verbose exit [ 3, true ]
